D:\MestradoUFES\projetoMestrado\depthAlignTrackingFace\depthAlignTrackingFace\x64\Debug\cl.command.1.tlog
D:\MestradoUFES\projetoMestrado\depthAlignTrackingFace\depthAlignTrackingFace\x64\Debug\CL.read.1.tlog
D:\MestradoUFES\projetoMestrado\depthAlignTrackingFace\depthAlignTrackingFace\x64\Debug\CL.write.1.tlog
D:\MestradoUFES\projetoMestrado\depthAlignTrackingFace\depthAlignTrackingFace\x64\Debug\depthAlignTrackingFace.exe.embed.manifest
D:\MESTRADOUFES\PROJETOMESTRADO\DEPTHALIGNTRACKINGFACE\DEPTHALIGNTRACKINGFACE\X64\DEBUG\DEPTHALIGNTRACKINGFACE.EXE.EMBED.MANIFEST.RES
D:\MestradoUFES\projetoMestrado\depthAlignTrackingFace\depthAlignTrackingFace\x64\Debug\depthAlignTrackingFace.exe.intermediate.manifest
D:\MestradoUFES\projetoMestrado\depthAlignTrackingFace\depthAlignTrackingFace\x64\Debug\depthAlignTrackingFace_manifest.rc
D:\MESTRADOUFES\PROJETOMESTRADO\DEPTHALIGNTRACKINGFACE\DEPTHALIGNTRACKINGFACE\X64\DEBUG\GLUT.OBJ
D:\MestradoUFES\projetoMestrado\depthAlignTrackingFace\depthAlignTrackingFace\x64\Debug\link.command.1.tlog
D:\MestradoUFES\projetoMestrado\depthAlignTrackingFace\depthAlignTrackingFace\x64\Debug\link.read.1.tlog
D:\MestradoUFES\projetoMestrado\depthAlignTrackingFace\depthAlignTrackingFace\x64\Debug\link.write.1.tlog
D:\MestradoUFES\projetoMestrado\depthAlignTrackingFace\depthAlignTrackingFace\x64\Debug\link-cvtres.read.1.tlog
D:\MestradoUFES\projetoMestrado\depthAlignTrackingFace\depthAlignTrackingFace\x64\Debug\link-cvtres.write.1.tlog
D:\MESTRADOUFES\PROJETOMESTRADO\DEPTHALIGNTRACKINGFACE\DEPTHALIGNTRACKINGFACE\X64\DEBUG\MAIN.OBJ
D:\MestradoUFES\projetoMestrado\depthAlignTrackingFace\depthAlignTrackingFace\x64\Debug\rc.command.1.tlog
D:\MestradoUFES\projetoMestrado\depthAlignTrackingFace\depthAlignTrackingFace\x64\Debug\rc.read.1.tlog
D:\MestradoUFES\projetoMestrado\depthAlignTrackingFace\depthAlignTrackingFace\x64\Debug\rc.write.1.tlog
D:\MestradoUFES\projetoMestrado\depthAlignTrackingFace\depthAlignTrackingFace\x64\Debug\vc100.idb
D:\MESTRADOUFES\PROJETOMESTRADO\DEPTHALIGNTRACKINGFACE\DEPTHALIGNTRACKINGFACE\X64\DEBUG\VC100.PDB
D:\MestradoUFES\projetoMestrado\depthAlignTrackingFace\x64\Debug\depthAlignTrackingFace.pdb
