D:\MESTRADOUFES\PROJETOMESTRADO\DEPTHALIGNTRACKINGFACE\DEBUG\DEPTHALIGNTRACKINGFACE.EXE
D:\MESTRADOUFES\PROJETOMESTRADO\DEPTHALIGNTRACKINGFACE\DEBUG\DEPTHALIGNTRACKINGFACE.ILK
D:\MESTRADOUFES\PROJETOMESTRADO\DEPTHALIGNTRACKINGFACE\DEBUG\DEPTHALIGNTRACKINGFACE.PDB
D:\MestradoUFES\projetoMestrado\depthAlignTrackingFace\depthAlignTrackingFace\Debug\cl.command.1.tlog
D:\MestradoUFES\projetoMestrado\depthAlignTrackingFace\depthAlignTrackingFace\Debug\CL.read.1.tlog
D:\MestradoUFES\projetoMestrado\depthAlignTrackingFace\depthAlignTrackingFace\Debug\CL.write.1.tlog
D:\MESTRADOUFES\PROJETOMESTRADO\DEPTHALIGNTRACKINGFACE\DEPTHALIGNTRACKINGFACE\DEBUG\CLM.OBJ
D:\MESTRADOUFES\PROJETOMESTRADO\DEPTHALIGNTRACKINGFACE\DEPTHALIGNTRACKINGFACE\DEBUG\DEPTHALIGNTRACKINGFACE.EXE.EMBED.MANIFEST
D:\MESTRADOUFES\PROJETOMESTRADO\DEPTHALIGNTRACKINGFACE\DEPTHALIGNTRACKINGFACE\DEBUG\DEPTHALIGNTRACKINGFACE.EXE.EMBED.MANIFEST.RES
D:\MESTRADOUFES\PROJETOMESTRADO\DEPTHALIGNTRACKINGFACE\DEPTHALIGNTRACKINGFACE\DEBUG\DEPTHALIGNTRACKINGFACE.EXE.INTERMEDIATE.MANIFEST
D:\MestradoUFES\projetoMestrado\depthAlignTrackingFace\depthAlignTrackingFace\Debug\depthAlignTrackingFace_manifest.rc
D:\MESTRADOUFES\PROJETOMESTRADO\DEPTHALIGNTRACKINGFACE\DEPTHALIGNTRACKINGFACE\DEBUG\FCHECK.OBJ
D:\MESTRADOUFES\PROJETOMESTRADO\DEPTHALIGNTRACKINGFACE\DEPTHALIGNTRACKINGFACE\DEBUG\FDET.OBJ
D:\MESTRADOUFES\PROJETOMESTRADO\DEPTHALIGNTRACKINGFACE\DEPTHALIGNTRACKINGFACE\DEBUG\IO.OBJ
D:\MestradoUFES\projetoMestrado\depthAlignTrackingFace\depthAlignTrackingFace\Debug\link.8212.read.1.tlog
D:\MestradoUFES\projetoMestrado\depthAlignTrackingFace\depthAlignTrackingFace\Debug\link.8212.write.1.tlog
D:\MestradoUFES\projetoMestrado\depthAlignTrackingFace\depthAlignTrackingFace\Debug\link.8212-cvtres.read.1.tlog
D:\MestradoUFES\projetoMestrado\depthAlignTrackingFace\depthAlignTrackingFace\Debug\link.8212-cvtres.write.1.tlog
D:\MestradoUFES\projetoMestrado\depthAlignTrackingFace\depthAlignTrackingFace\Debug\link.8728.read.1.tlog
D:\MestradoUFES\projetoMestrado\depthAlignTrackingFace\depthAlignTrackingFace\Debug\link.8728.write.1.tlog
D:\MestradoUFES\projetoMestrado\depthAlignTrackingFace\depthAlignTrackingFace\Debug\link.8728-cvtres.read.1.tlog
D:\MestradoUFES\projetoMestrado\depthAlignTrackingFace\depthAlignTrackingFace\Debug\link.8728-cvtres.write.1.tlog
D:\MestradoUFES\projetoMestrado\depthAlignTrackingFace\depthAlignTrackingFace\Debug\link.9060.read.1.tlog
D:\MestradoUFES\projetoMestrado\depthAlignTrackingFace\depthAlignTrackingFace\Debug\link.9060.write.1.tlog
D:\MestradoUFES\projetoMestrado\depthAlignTrackingFace\depthAlignTrackingFace\Debug\link.9060-cvtres.read.1.tlog
D:\MestradoUFES\projetoMestrado\depthAlignTrackingFace\depthAlignTrackingFace\Debug\link.9060-cvtres.write.1.tlog
D:\MestradoUFES\projetoMestrado\depthAlignTrackingFace\depthAlignTrackingFace\Debug\link.command.1.tlog
D:\MestradoUFES\projetoMestrado\depthAlignTrackingFace\depthAlignTrackingFace\Debug\link.read.1.tlog
D:\MestradoUFES\projetoMestrado\depthAlignTrackingFace\depthAlignTrackingFace\Debug\link.write.1.tlog
D:\MestradoUFES\projetoMestrado\depthAlignTrackingFace\depthAlignTrackingFace\Debug\link-cvtres.read.1.tlog
D:\MestradoUFES\projetoMestrado\depthAlignTrackingFace\depthAlignTrackingFace\Debug\link-cvtres.write.1.tlog
D:\MESTRADOUFES\PROJETOMESTRADO\DEPTHALIGNTRACKINGFACE\DEPTHALIGNTRACKINGFACE\DEBUG\MAIN.OBJ
D:\MestradoUFES\projetoMestrado\depthAlignTrackingFace\depthAlignTrackingFace\Debug\mt.command.1.tlog
D:\MestradoUFES\projetoMestrado\depthAlignTrackingFace\depthAlignTrackingFace\Debug\mt.read.1.tlog
D:\MestradoUFES\projetoMestrado\depthAlignTrackingFace\depthAlignTrackingFace\Debug\mt.write.1.tlog
D:\MESTRADOUFES\PROJETOMESTRADO\DEPTHALIGNTRACKINGFACE\DEPTHALIGNTRACKINGFACE\DEBUG\PATCH.OBJ
D:\MESTRADOUFES\PROJETOMESTRADO\DEPTHALIGNTRACKINGFACE\DEPTHALIGNTRACKINGFACE\DEBUG\PAW.OBJ
D:\MESTRADOUFES\PROJETOMESTRADO\DEPTHALIGNTRACKINGFACE\DEPTHALIGNTRACKINGFACE\DEBUG\PDM.OBJ
D:\MestradoUFES\projetoMestrado\depthAlignTrackingFace\depthAlignTrackingFace\Debug\rc.command.1.tlog
D:\MestradoUFES\projetoMestrado\depthAlignTrackingFace\depthAlignTrackingFace\Debug\rc.read.1.tlog
D:\MestradoUFES\projetoMestrado\depthAlignTrackingFace\depthAlignTrackingFace\Debug\rc.write.1.tlog
D:\MESTRADOUFES\PROJETOMESTRADO\DEPTHALIGNTRACKINGFACE\DEPTHALIGNTRACKINGFACE\DEBUG\TRACKER.OBJ
D:\MestradoUFES\projetoMestrado\depthAlignTrackingFace\depthAlignTrackingFace\Debug\vc100.idb
D:\MESTRADOUFES\PROJETOMESTRADO\DEPTHALIGNTRACKINGFACE\DEPTHALIGNTRACKINGFACE\DEBUG\VC100.PDB
